<?xml version="1.0" encoding="UTF-8"?>
<testsuite name="com.edineva.calculator2.Calculator2ApplicationTests" tests="1" skipped="0" failures="0" errors="0" timestamp="2020-09-02T15:45:19" hostname="acer" time="1.332">
  <properties/>
  <testcase name="contextLoads()" classname="com.edineva.calculator2.Calculator2ApplicationTests" time="1.332"/>
  <system-out><![CDATA[17:45:10.102 [Test worker] DEBUG org.springframework.test.context.BootstrapUtils - Instantiating CacheAwareContextLoaderDelegate from class [org.springframework.test.context.cache.DefaultCacheAwareContextLoaderDelegate]
17:45:10.229 [Test worker] DEBUG org.springframework.test.context.BootstrapUtils - Instantiating BootstrapContext using constructor [public org.springframework.test.context.support.DefaultBootstrapContext(java.lang.Class,org.springframework.test.context.CacheAwareContextLoaderDelegate)]
17:45:10.423 [Test worker] DEBUG org.springframework.test.context.BootstrapUtils - Instantiating TestContextBootstrapper for test class [com.edineva.calculator2.Calculator2ApplicationTests] from class [org.springframework.boot.test.context.SpringBootTestContextBootstrapper]
17:45:10.538 [Test worker] INFO org.springframework.boot.test.context.SpringBootTestContextBootstrapper - Neither @ContextConfiguration nor @ContextHierarchy found for test class [com.edineva.calculator2.Calculator2ApplicationTests], using SpringBootContextLoader
17:45:10.576 [Test worker] DEBUG org.springframework.test.context.support.AbstractContextLoader - Did not detect default resource location for test class [com.edineva.calculator2.Calculator2ApplicationTests]: class path resource [com/edineva/calculator2/Calculator2ApplicationTests-context.xml] does not exist
17:45:10.579 [Test worker] DEBUG org.springframework.test.context.support.AbstractContextLoader - Did not detect default resource location for test class [com.edineva.calculator2.Calculator2ApplicationTests]: class path resource [com/edineva/calculator2/Calculator2ApplicationTestsContext.groovy] does not exist
17:45:10.580 [Test worker] INFO org.springframework.test.context.support.AbstractContextLoader - Could not detect default resource locations for test class [com.edineva.calculator2.Calculator2ApplicationTests]: no resource found for suffixes {-context.xml, Context.groovy}.
17:45:10.586 [Test worker] INFO org.springframework.test.context.support.AnnotationConfigContextLoaderUtils - Could not detect default configuration classes for test class [com.edineva.calculator2.Calculator2ApplicationTests]: Calculator2ApplicationTests does not declare any static, non-private, non-final, nested classes annotated with @Configuration.
17:45:10.856 [Test worker] DEBUG org.springframework.test.context.support.ActiveProfilesUtils - Could not find an 'annotation declaring class' for annotation type [org.springframework.test.context.ActiveProfiles] and class [com.edineva.calculator2.Calculator2ApplicationTests]
17:45:11.306 [Test worker] DEBUG org.springframework.context.annotation.ClassPathScanningCandidateComponentProvider - Identified candidate component class: file [/home/edineva/entwicklung/Calculator2/build/classes/java/main/com/edineva/calculator2/Calculator2Application.class]
17:45:11.345 [Test worker] INFO org.springframework.boot.test.context.SpringBootTestContextBootstrapper - Found @SpringBootConfiguration com.edineva.calculator2.Calculator2Application for test class com.edineva.calculator2.Calculator2ApplicationTests
17:45:11.972 [Test worker] DEBUG org.springframework.boot.test.context.SpringBootTestContextBootstrapper - @TestExecutionListeners is not present for class [com.edineva.calculator2.Calculator2ApplicationTests]: using defaults.
17:45:11.974 [Test worker] INFO org.springframework.boot.test.context.SpringBootTestContextBootstrapper - Loaded default TestExecutionListener class names from location [META-INF/spring.factories]: [org.springframework.boot.test.autoconfigure.restdocs.RestDocsTestExecutionListener, org.springframework.boot.test.autoconfigure.web.client.MockRestServiceServerResetTestExecutionListener, org.springframework.boot.test.autoconfigure.web.servlet.MockMvcPrintOnlyOnFailureTestExecutionListener, org.springframework.boot.test.autoconfigure.web.servlet.WebDriverTestExecutionListener, org.springframework.boot.test.autoconfigure.webservices.client.MockWebServiceServerTestExecutionListener, org.springframework.boot.test.mock.mockito.MockitoTestExecutionListener, org.springframework.boot.test.mock.mockito.ResetMocksTestExecutionListener, org.springframework.test.context.web.ServletTestExecutionListener, org.springframework.test.context.support.DirtiesContextBeforeModesTestExecutionListener, org.springframework.test.context.support.DependencyInjectionTestExecutionListener, org.springframework.test.context.support.DirtiesContextTestExecutionListener, org.springframework.test.context.transaction.TransactionalTestExecutionListener, org.springframework.test.context.jdbc.SqlScriptsTestExecutionListener, org.springframework.test.context.event.EventPublishingTestExecutionListener]
17:45:12.041 [Test worker] DEBUG org.springframework.boot.test.context.SpringBootTestContextBootstrapper - Skipping candidate TestExecutionListener [org.springframework.test.context.transaction.TransactionalTestExecutionListener] due to a missing dependency. Specify custom listener classes or make the default listener classes and their required dependencies available. Offending class: [org/springframework/transaction/interceptor/TransactionAttributeSource]
17:45:12.043 [Test worker] DEBUG org.springframework.boot.test.context.SpringBootTestContextBootstrapper - Skipping candidate TestExecutionListener [org.springframework.test.context.jdbc.SqlScriptsTestExecutionListener] due to a missing dependency. Specify custom listener classes or make the default listener classes and their required dependencies available. Offending class: [org/springframework/transaction/interceptor/TransactionAttribute]
17:45:12.045 [Test worker] INFO org.springframework.boot.test.context.SpringBootTestContextBootstrapper - Using TestExecutionListeners: [org.springframework.test.context.web.ServletTestExecutionListener@49b4c021, org.springframework.test.context.support.DirtiesContextBeforeModesTestExecutionListener@5899fa5a, org.springframework.boot.test.mock.mockito.MockitoTestExecutionListener@32c0bbb0, org.springframework.boot.test.autoconfigure.SpringBootDependencyInjectionTestExecutionListener@5d061c5f, org.springframework.test.context.support.DirtiesContextTestExecutionListener@325c6a16, org.springframework.test.context.event.EventPublishingTestExecutionListener@25001d2d, org.springframework.boot.test.autoconfigure.restdocs.RestDocsTestExecutionListener@122a2f06, org.springframework.boot.test.autoconfigure.web.client.MockRestServiceServerResetTestExecutionListener@7fa33df8, org.springframework.boot.test.autoconfigure.web.servlet.MockMvcPrintOnlyOnFailureTestExecutionListener@2efef4c0, org.springframework.boot.test.autoconfigure.web.servlet.WebDriverTestExecutionListener@bb27d47, org.springframework.boot.test.autoconfigure.webservices.client.MockWebServiceServerTestExecutionListener@48233128, org.springframework.boot.test.mock.mockito.ResetMocksTestExecutionListener@2e899929]
17:45:12.064 [Test worker] DEBUG org.springframework.test.context.support.AbstractDirtiesContextTestExecutionListener - Before test class: context [DefaultTestContext@1bbb77b0 testClass = Calculator2ApplicationTests, testInstance = [null], testMethod = [null], testException = [null], mergedContextConfiguration = [WebMergedContextConfiguration@2c25598f testClass = Calculator2ApplicationTests, locations = '{}', classes = '{class com.edineva.calculator2.Calculator2Application}', contextInitializerClasses = '[]', activeProfiles = '{}', propertySourceLocations = '{}', propertySourceProperties = '{org.springframework.boot.test.context.SpringBootTestContextBootstrapper=true}', contextCustomizers = set[org.springframework.boot.test.autoconfigure.properties.PropertyMappingContextCustomizer@0, org.springframework.boot.test.autoconfigure.web.servlet.WebDriverContextCustomizerFactory$Customizer@10ff9748, org.springframework.boot.test.context.filter.ExcludeFilterContextCustomizer@65146ea, org.springframework.boot.test.json.DuplicateJsonObjectContextCustomizerFactory$DuplicateJsonObjectContextCustomizer@540fedc0, org.springframework.boot.test.mock.mockito.MockitoContextCustomizer@0, org.springframework.boot.test.web.client.TestRestTemplateContextCustomizer@2012025a, org.springframework.boot.test.context.SpringBootTestArgs@1], resourceBasePath = 'src/main/webapp', contextLoader = 'org.springframework.boot.test.context.SpringBootContextLoader', parent = [null]], attributes = map['org.springframework.test.context.web.ServletTestExecutionListener.activateListener' -> true]], class annotated with @DirtiesContext [false] with mode [null].
17:45:12.224 [Test worker] DEBUG org.springframework.test.context.support.TestPropertySourceUtils - Adding inlined properties to environment: {spring.jmx.enabled=false, org.springframework.boot.test.context.SpringBootTestContextBootstrapper=true}

  .   ____          _            __ _ _
 /\\ / ___'_ __ _ _(_)_ __  __ _ \ \ \ \
( ( )\___ | '_ | '_| | '_ \/ _` | \ \ \ \
 \\/  ___)| |_)| | | | | || (_| |  ) ) ) )
  '  |____| .__|_| |_|_| |_\__, | / / / /
 =========|_|==============|___/=/_/_/_/
 :: Spring Boot ::        (v2.3.3.RELEASE)

2020-09-02 17:45:13.720  INFO 16425 --- [    Test worker] c.e.c.Calculator2ApplicationTests        : Starting Calculator2ApplicationTests on acer with PID 16425 (started by edineva in /home/edineva/entwicklung/Calculator2)
2020-09-02 17:45:13.740  INFO 16425 --- [    Test worker] c.e.c.Calculator2ApplicationTests        : No active profile set, falling back to default profiles: default
2020-09-02 17:45:18.707  INFO 16425 --- [    Test worker] o.s.s.concurrent.ThreadPoolTaskExecutor  : Initializing ExecutorService 'applicationTaskExecutor'
2020-09-02 17:45:19.726  INFO 16425 --- [    Test worker] c.e.c.Calculator2ApplicationTests        : Started Calculator2ApplicationTests in 7.442 seconds (JVM running for 13.666)
]]></system-out>
  <system-err><![CDATA[]]></system-err>
</testsuite>
